<?xml version="1.0" encoding="UTF-8"?>
<testng-results skipped="0" failed="0" total="1" passed="1">
  <reporter-output>
  </reporter-output>
  <suite name="Default suite" duration-ms="3396" started-at="2021-10-30T11:27:50Z" finished-at="2021-10-30T11:27:53Z">
    <groups>
    </groups>
    <test name="Default test" duration-ms="3396" started-at="2021-10-30T11:27:50Z" finished-at="2021-10-30T11:27:53Z">
      <class name="com.rmg.practice.CreateProjectAndVerifyDatabase">
        <test-method status="PASS" signature="bsConfig()[pri:0, instance:com.rmg.practice.CreateProjectAndVerifyDatabase@3532ec19]" name="bsConfig" is-config="true" duration-ms="500" started-at="2021-10-30T16:57:49Z" finished-at="2021-10-30T16:57:50Z">
          <reporter-output>
          </reporter-output>
        </test-method> <!-- bsConfig -->
        <test-method status="PASS" signature="createProjectAndVerifyInDB()[pri:0, instance:com.rmg.practice.CreateProjectAndVerifyDatabase@3532ec19]" name="createProjectAndVerifyInDB" duration-ms="3396" started-at="2021-10-30T16:57:50Z" finished-at="2021-10-30T16:57:53Z">
          <reporter-output>
          </reporter-output>
        </test-method> <!-- createProjectAndVerifyInDB -->
        <test-method status="PASS" signature="asConfig()[pri:0, instance:com.rmg.practice.CreateProjectAndVerifyDatabase@3532ec19]" name="asConfig" is-config="true" duration-ms="0" started-at="2021-10-30T16:57:53Z" finished-at="2021-10-30T16:57:53Z">
          <reporter-output>
          </reporter-output>
        </test-method> <!-- asConfig -->
      </class> <!-- com.rmg.practice.CreateProjectAndVerifyDatabase -->
    </test> <!-- Default test -->
  </suite> <!-- Default suite -->
</testng-results>
